# JRE version: OpenJDK Runtime Environment Temurin-21.0.6+7 (21.0.6+7) (build 21.0.6+7-LTS)
# Java VM: OpenJDK 64-Bit Server VM Temurin-21.0.6+7 (21.0.6+7-LTS, mixed mode, sharing, tiered, compressed oops, compressed class ptrs, parallel gc, windows-amd64)
GC Precious Log:
 CardTable entry size: 512
 CPUs: 32 total, 32 available
 Memory: 32472M
 Large Page Support: Disabled
 NUMA Support: Disabled
 Compressed Oops: Enabled (32-bit)
 Alignments: Space 512K, Generation 512K, Heap 2M
 Heap Min Capacity: 100M
 Heap Initial Capacity: 100M
 Heap Max Capacity: 1G
 Pre-touch: Disabled
 Parallel Workers: 23
Heap:
 PSYoungGen      total 4608K, used 2090K [0x00000000eab00000, 0x00000000eb480000, 0x0000000100000000)
  eden space 4096K, 40% used [0x00000000eab00000,0x00000000eac9aac8,0x00000000eaf00000)
  from space 512K, 87% used [0x00000000eb100000,0x00000000eb170000,0x00000000eb180000)
  to   space 1536K, 0% used [0x00000000eb300000,0x00000000eb300000,0x00000000eb480000)
 ParOldGen       total 222208K, used 222010K [0x00000000c0000000, 0x00000000cd900000, 0x00000000eab00000)
  object space 222208K, 99% used [0x00000000c0000000,0x00000000cd8ce8e0,0x00000000cd900000)
 Metaspace       used 86443K, committed 87936K, reserved 1179648K
  class space    used 8459K, committed 9216K, reserved 1048576K
GC Heap History (20 events):
Event: 2167.161 GC heap before
{Heap before GC invocations=3184 (full 7):
 PSYoungGen      total 7168K, used 6640K [0x00000000eab00000, 0x00000000eb500000, 0x0000000100000000)
  eden space 4096K, 100% used [0x00000000eab00000,0x00000000eaf00000,0x00000000eaf00000)
  from space 3072K, 82% used [0x00000000eb200000,0x00000000eb47c000,0x00000000eb500000)
  to   space 3072K, 0% used [0x00000000eaf00000,0x00000000eaf00000,0x00000000eb200000)
 ParOldGen       total 204800K, used 204586K [0x00000000c0000000, 0x00000000cc800000, 0x00000000eab00000)
  object space 204800K, 99% used [0x00000000c0000000,0x00000000cc7cabc8,0x00000000cc800000)
 Metaspace       used 86406K, committed 87936K, reserved 1179648K
  class space    used 8459K, committed 9216K, reserved 1048576K
}
Event: 2167.163 GC heap after
{Heap after GC invocations=3184 (full 7):
 PSYoungGen      total 7168K, used 3062K [0x00000000eab00000, 0x00000000ebd00000, 0x0000000100000000)
  eden space 4096K, 0% used [0x00000000eab00000,0x00000000eab00000,0x00000000eaf00000)
  from space 3072K, 99% used [0x00000000eaf00000,0x00000000eb1fd9c8,0x00000000eb200000)
  to   space 6656K, 0% used [0x00000000eb680000,0x00000000eb680000,0x00000000ebd00000)
 ParOldGen       total 207872K, used 207555K [0x00000000c0000000, 0x00000000ccb00000, 0x00000000eab00000)
  object space 207872K, 99% used [0x00000000c0000000,0x00000000ccab0d28,0x00000000ccb00000)
 Metaspace       used 86406K, committed 87936K, reserved 1179648K
  class space    used 8459K, committed 9216K, reserved 1048576K
}
Event: 2167.433 GC heap before
{Heap before GC invocations=3185 (full 7):
 PSYoungGen      total 7168K, used 7158K [0x00000000eab00000, 0x00000000ebd00000, 0x0000000100000000)
  eden space 4096K, 100% used [0x00000000eab00000,0x00000000eaf00000,0x00000000eaf00000)
  from space 3072K, 99% used [0x00000000eaf00000,0x00000000eb1fd9c8,0x00000000eb200000)
  to   space 6656K, 0% used [0x00000000eb680000,0x00000000eb680000,0x00000000ebd00000)
 ParOldGen       total 207872K, used 207555K [0x00000000c0000000, 0x00000000ccb00000, 0x00000000eab00000)
  object space 207872K, 99% used [0x00000000c0000000,0x00000000ccab0d28,0x00000000ccb00000)
 Metaspace       used 86410K, committed 87936K, reserved 1179648K
  class space    used 8459K, committed 9216K, reserved 1048576K
}
Event: 2167.434 GC heap after
{Heap after GC invocations=3185 (full 7):
 PSYoungGen      total 5120K, used 736K [0x00000000eab00000, 0x00000000eb780000, 0x0000000100000000)
  eden space 4096K, 0% used [0x00000000eab00000,0x00000000eab00000,0x00000000eaf00000)
  from space 1024K, 71% used [0x00000000eb680000,0x00000000eb738000,0x00000000eb780000)
  to   space 3072K, 0% used [0x00000000eb180000,0x00000000eb180000,0x00000000eb480000)
 ParOldGen       total 207872K, used 207752K [0x00000000c0000000, 0x00000000ccb00000, 0x00000000eab00000)
  object space 207872K, 99% used [0x00000000c0000000,0x00000000ccae20a0,0x00000000ccb00000)
 Metaspace       used 86410K, committed 87936K, reserved 1179648K
  class space    used 8459K, committed 9216K, reserved 1048576K
}
Event: 2167.723 GC heap before
{Heap before GC invocations=3186 (full 7):
 PSYoungGen      total 5120K, used 4832K [0x00000000eab00000, 0x00000000eb780000, 0x0000000100000000)
  eden space 4096K, 100% used [0x00000000eab00000,0x00000000eaf00000,0x00000000eaf00000)
  from space 1024K, 71% used [0x00000000eb680000,0x00000000eb738000,0x00000000eb780000)
  to   space 3072K, 0% used [0x00000000eb180000,0x00000000eb180000,0x00000000eb480000)
 ParOldGen       total 207872K, used 207752K [0x00000000c0000000, 0x00000000ccb00000, 0x00000000eab00000)
  object space 207872K, 99% used [0x00000000c0000000,0x00000000ccae20a0,0x00000000ccb00000)
 Metaspace       used 86410K, committed 87936K, reserved 1179648K
  class space    used 8459K, committed 9216K, reserved 1048576K
}
Event: 2167.724 GC heap after
{Heap after GC invocations=3186 (full 7):
 PSYoungGen      total 7168K, used 416K [0x00000000eab00000, 0x00000000eb700000, 0x0000000100000000)
  eden space 4096K, 0% used [0x00000000eab00000,0x00000000eab00000,0x00000000eaf00000)
  from space 3072K, 13% used [0x00000000eb180000,0x00000000eb1e8000,0x00000000eb480000)
  to   space 1024K, 0% used [0x00000000eb600000,0x00000000eb600000,0x00000000eb700000)
 ParOldGen       total 208384K, used 208077K [0x00000000c0000000, 0x00000000ccb80000, 0x00000000eab00000)
  object space 208384K, 99% used [0x00000000c0000000,0x00000000ccb33418,0x00000000ccb80000)
 Metaspace       used 86410K, committed 87936K, reserved 1179648K
  class space    used 8459K, committed 9216K, reserved 1048576K
}
Event: 2168.022 GC heap before
{Heap before GC invocations=3187 (full 7):
 PSYoungGen      total 7168K, used 4511K [0x00000000eab00000, 0x00000000eb700000, 0x0000000100000000)
  eden space 4096K, 99% used [0x00000000eab00000,0x00000000eaeffff0,0x00000000eaf00000)
  from space 3072K, 13% used [0x00000000eb180000,0x00000000eb1e8000,0x00000000eb480000)
  to   space 1024K, 0% used [0x00000000eb600000,0x00000000eb600000,0x00000000eb700000)
 ParOldGen       total 208384K, used 208077K [0x00000000c0000000, 0x00000000ccb80000, 0x00000000eab00000)
  object space 208384K, 99% used [0x00000000c0000000,0x00000000ccb33418,0x00000000ccb80000)
 Metaspace       used 86410K, committed 87936K, reserved 1179648K
  class space    used 8459K, committed 9216K, reserved 1048576K
}
Event: 2168.024 GC heap after
{Heap after GC invocations=3187 (full 7):
 PSYoungGen      total 4608K, used 512K [0x00000000eab00000, 0x00000000eb680000, 0x0000000100000000)
  eden space 4096K, 0% used [0x00000000eab00000,0x00000000eab00000,0x00000000eaf00000)
  from space 512K, 100% used [0x00000000eb600000,0x00000000eb680000,0x00000000eb680000)
  to   space 1024K, 0% used [0x00000000eb480000,0x00000000eb480000,0x00000000eb580000)
 ParOldGen       total 208384K, used 208255K [0x00000000c0000000, 0x00000000ccb80000, 0x00000000eab00000)
  object space 208384K, 99% used [0x00000000c0000000,0x00000000ccb5fd28,0x00000000ccb80000)
 Metaspace       used 86410K, committed 87936K, reserved 1179648K
  class space    used 8459K, committed 9216K, reserved 1048576K
}
Event: 2168.125 GC heap before
{Heap before GC invocations=3188 (full 7):
 PSYoungGen      total 4608K, used 4608K [0x00000000eab00000, 0x00000000eb680000, 0x0000000100000000)
  eden space 4096K, 100% used [0x00000000eab00000,0x00000000eaf00000,0x00000000eaf00000)
  from space 512K, 100% used [0x00000000eb600000,0x00000000eb680000,0x00000000eb680000)
  to   space 1024K, 0% used [0x00000000eb480000,0x00000000eb480000,0x00000000eb580000)
 ParOldGen       total 208384K, used 208255K [0x00000000c0000000, 0x00000000ccb80000, 0x00000000eab00000)
  object space 208384K, 99% used [0x00000000c0000000,0x00000000ccb5fd28,0x00000000ccb80000)
 Metaspace       used 86410K, committed 87936K, reserved 1179648K
  class space    used 8459K, committed 9216K, reserved 1048576K
}
Event: 2168.126 GC heap after
{Heap after GC invocations=3188 (full 7):
 PSYoungGen      total 5120K, used 560K [0x00000000eab00000, 0x00000000eb680000, 0x0000000100000000)
  eden space 4096K, 0% used [0x00000000eab00000,0x00000000eab00000,0x00000000eaf00000)
  from space 1024K, 54% used [0x00000000eb480000,0x00000000eb50c010,0x00000000eb580000)
  to   space 1024K, 0% used [0x00000000eb580000,0x00000000eb580000,0x00000000eb680000)
 ParOldGen       total 208896K, used 208620K [0x00000000c0000000, 0x00000000ccc00000, 0x00000000eab00000)
  object space 208896K, 99% used [0x00000000c0000000,0x00000000ccbbb0a0,0x00000000ccc00000)
 Metaspace       used 86410K, committed 87936K, reserved 1179648K
  class space    used 8459K, committed 9216K, reserved 1048576K
}
Event: 2168.692 GC heap before
{Heap before GC invocations=3189 (full 7):
 PSYoungGen      total 5120K, used 4656K [0x00000000eab00000, 0x00000000eb680000, 0x0000000100000000)
  eden space 4096K, 100% used [0x00000000eab00000,0x00000000eaf00000,0x00000000eaf00000)
  from space 1024K, 54% used [0x00000000eb480000,0x00000000eb50c010,0x00000000eb580000)
  to   space 1024K, 0% used [0x00000000eb580000,0x00000000eb580000,0x00000000eb680000)
 ParOldGen       total 208896K, used 208620K [0x00000000c0000000, 0x00000000ccc00000, 0x00000000eab00000)
  object space 208896K, 99% used [0x00000000c0000000,0x00000000ccbbb0a0,0x00000000ccc00000)
 Metaspace       used 86413K, committed 87936K, reserved 1179648K
  class space    used 8459K, committed 9216K, reserved 1048576K
}
Event: 2168.693 GC heap after
{Heap after GC invocations=3189 (full 7):
 PSYoungGen      total 5120K, used 1012K [0x00000000eab00000, 0x00000000eb680000, 0x0000000100000000)
  eden space 4096K, 0% used [0x00000000eab00000,0x00000000eab00000,0x00000000eaf00000)
  from space 1024K, 98% used [0x00000000eb580000,0x00000000eb67d030,0x00000000eb680000)
  to   space 1536K, 0% used [0x00000000eb380000,0x00000000eb380000,0x00000000eb500000)
 ParOldGen       total 209408K, used 208932K [0x00000000c0000000, 0x00000000ccc80000, 0x00000000eab00000)
  object space 209408K, 99% used [0x00000000c0000000,0x00000000ccc090a0,0x00000000ccc80000)
 Metaspace       used 86413K, committed 87936K, reserved 1179648K
  class space    used 8459K, committed 9216K, reserved 1048576K
}
Event: 2168.696 GC heap before
{Heap before GC invocations=3190 (full 7):
 PSYoungGen      total 5120K, used 5108K [0x00000000eab00000, 0x00000000eb680000, 0x0000000100000000)
  eden space 4096K, 100% used [0x00000000eab00000,0x00000000eaf00000,0x00000000eaf00000)
  from space 1024K, 98% used [0x00000000eb580000,0x00000000eb67d030,0x00000000eb680000)
  to   space 1536K, 0% used [0x00000000eb380000,0x00000000eb380000,0x00000000eb500000)
 ParOldGen       total 209408K, used 208932K [0x00000000c0000000, 0x00000000ccc80000, 0x00000000eab00000)
  object space 209408K, 99% used [0x00000000c0000000,0x00000000ccc090a0,0x00000000ccc80000)
 Metaspace       used 86413K, committed 87936K, reserved 1179648K
  class space    used 8459K, committed 9216K, reserved 1048576K
}
Event: 2168.698 GC heap after
{Heap after GC invocations=3190 (full 7):
 PSYoungGen      total 5632K, used 1536K [0x00000000eab00000, 0x00000000ebb00000, 0x0000000100000000)
  eden space 4096K, 0% used [0x00000000eab00000,0x00000000eab00000,0x00000000eaf00000)
  from space 1536K, 100% used [0x00000000eb380000,0x00000000eb500000,0x00000000eb500000)
  to   space 6144K, 0% used [0x00000000eb500000,0x00000000eb500000,0x00000000ebb00000)
 ParOldGen       total 212480K, used 212376K [0x00000000c0000000, 0x00000000ccf80000, 0x00000000eab00000)
  object space 212480K, 99% used [0x00000000c0000000,0x00000000ccf660f0,0x00000000ccf80000)
 Metaspace       used 86413K, committed 87936K, reserved 1179648K
  class space    used 8459K, committed 9216K, reserved 1048576K
}
Event: 2168.707 GC heap before
{Heap before GC invocations=3191 (full 7):
 PSYoungGen      total 5632K, used 5632K [0x00000000eab00000, 0x00000000ebb00000, 0x0000000100000000)
  eden space 4096K, 100% used [0x00000000eab00000,0x00000000eaf00000,0x00000000eaf00000)
  from space 1536K, 100% used [0x00000000eb380000,0x00000000eb500000,0x00000000eb500000)
  to   space 6144K, 0% used [0x00000000eb500000,0x00000000eb500000,0x00000000ebb00000)
 ParOldGen       total 212480K, used 212376K [0x00000000c0000000, 0x00000000ccf80000, 0x00000000eab00000)
  object space 212480K, 99% used [0x00000000c0000000,0x00000000ccf660f0,0x00000000ccf80000)
 Metaspace       used 86413K, committed 87936K, reserved 1179648K
  class space    used 8459K, committed 9216K, reserved 1048576K
}
Event: 2168.709 GC heap after
{Heap after GC invocations=3191 (full 7):
 PSYoungGen      total 7680K, used 3132K [0x00000000eab00000, 0x00000000eb880000, 0x0000000100000000)
  eden space 4096K, 0% used [0x00000000eab00000,0x00000000eab00000,0x00000000eaf00000)
  from space 3584K, 87% used [0x00000000eb500000,0x00000000eb80f250,0x00000000eb880000)
  to   space 4096K, 0% used [0x00000000eb080000,0x00000000eb080000,0x00000000eb480000)
 ParOldGen       total 214016K, used 213984K [0x00000000c0000000, 0x00000000cd100000, 0x00000000eab00000)
  object space 214016K, 99% used [0x00000000c0000000,0x00000000cd0f80f0,0x00000000cd100000)
 Metaspace       used 86413K, committed 87936K, reserved 1179648K
  class space    used 8459K, committed 9216K, reserved 1048576K
}
Event: 2168.729 GC heap before
{Heap before GC invocations=3192 (full 7):
 PSYoungGen      total 7680K, used 7228K [0x00000000eab00000, 0x00000000eb880000, 0x0000000100000000)
  eden space 4096K, 99% used [0x00000000eab00000,0x00000000eaefffe8,0x00000000eaf00000)
  from space 3584K, 87% used [0x00000000eb500000,0x00000000eb80f250,0x00000000eb880000)
  to   space 4096K, 0% used [0x00000000eb080000,0x00000000eb080000,0x00000000eb480000)
 ParOldGen       total 214016K, used 213984K [0x00000000c0000000, 0x00000000cd100000, 0x00000000eab00000)
  object space 214016K, 99% used [0x00000000c0000000,0x00000000cd0f80f0,0x00000000cd100000)
 Metaspace       used 86441K, committed 87936K, reserved 1179648K
  class space    used 8459K, committed 9216K, reserved 1048576K
}
Event: 2168.732 GC heap after
{Heap after GC invocations=3192 (full 7):
 PSYoungGen      total 7680K, used 3472K [0x00000000eab00000, 0x00000000eb600000, 0x0000000100000000)
  eden space 4096K, 0% used [0x00000000eab00000,0x00000000eab00000,0x00000000eaf00000)
  from space 3584K, 96% used [0x00000000eb080000,0x00000000eb3e4000,0x00000000eb400000)
  to   space 2048K, 0% used [0x00000000eb400000,0x00000000eb400000,0x00000000eb600000)
 ParOldGen       total 217088K, used 216860K [0x00000000c0000000, 0x00000000cd400000, 0x00000000eab00000)
  object space 217088K, 99% used [0x00000000c0000000,0x00000000cd3c7340,0x00000000cd400000)
 Metaspace       used 86441K, committed 87936K, reserved 1179648K
  class space    used 8459K, committed 9216K, reserved 1048576K
}
Event: 2168.793 GC heap before
{Heap before GC invocations=3193 (full 7):
 PSYoungGen      total 7680K, used 7544K [0x00000000eab00000, 0x00000000eb600000, 0x0000000100000000)
  eden space 4096K, 99% used [0x00000000eab00000,0x00000000eaefa080,0x00000000eaf00000)
  from space 3584K, 96% used [0x00000000eb080000,0x00000000eb3e4000,0x00000000eb400000)
  to   space 2048K, 0% used [0x00000000eb400000,0x00000000eb400000,0x00000000eb600000)
 ParOldGen       total 217088K, used 216860K [0x00000000c0000000, 0x00000000cd400000, 0x00000000eab00000)
  object space 217088K, 99% used [0x00000000c0000000,0x00000000cd3c7340,0x00000000cd400000)
 Metaspace       used 86441K, committed 87936K, reserved 1179648K
  class space    used 8459K, committed 9216K, reserved 1048576K
}
Event: 2168.795 GC heap after
{Heap after GC invocations=3193 (full 7):
 PSYoungGen      total 6144K, used 1782K [0x00000000eab00000, 0x00000000eb600000, 0x0000000100000000)
  eden space 4096K, 0% used [0x00000000eab00000,0x00000000eab00000,0x00000000eaf00000)
  from space 2048K, 87% used [0x00000000eb400000,0x00000000eb5bda20,0x00000000eb600000)
  to   space 2560K, 0% used [0x00000000eb100000,0x00000000eb100000,0x00000000eb380000)
 ParOldGen       total 222208K, used 221882K [0x00000000c0000000, 0x00000000cd900000, 0x00000000eab00000)
  object space 222208K, 99% used [0x00000000c0000000,0x00000000cd8ae8e0,0x00000000cd900000)
 Metaspace       used 86441K, committed 87936K, reserved 1179648K
  class space    used 8459K, committed 9216K, reserved 1048576K
}

