# JRE version: OpenJDK Runtime Environment Temurin-21.0.6+7 (21.0.6+7) (build 21.0.6+7-LTS)
# Java VM: OpenJDK 64-Bit Server VM Temurin-21.0.6+7 (21.0.6+7-LTS, mixed mode, sharing, tiered, compressed oops, compressed class ptrs, parallel gc, windows-amd64)
GC Precious Log:
 CardTable entry size: 512
 CPUs: 32 total, 32 available
 Memory: 32472M
 Large Page Support: Disabled
 NUMA Support: Disabled
 Compressed Oops: Enabled (32-bit)
 Alignments: Space 512K, Generation 512K, Heap 2M
 Heap Min Capacity: 100M
 Heap Initial Capacity: 100M
 Heap Max Capacity: 1G
 Pre-touch: Disabled
 Parallel Workers: 23
Heap:
 PSYoungGen      total 6144K, used 2199K [0x00000000eab00000, 0x00000000eb500000, 0x0000000100000000)
  eden space 5120K, 26% used [0x00000000eab00000,0x00000000eac4dfd8,0x00000000eb000000)
  from space 1024K, 84% used [0x00000000eb300000,0x00000000eb3d8000,0x00000000eb400000)
  to   space 1024K, 0% used [0x00000000eb400000,0x00000000eb400000,0x00000000eb500000)
 ParOldGen       total 573440K, used 573004K [0x00000000c0000000, 0x00000000e3000000, 0x00000000eab00000)
  object space 573440K, 99% used [0x00000000c0000000,0x00000000e2f931e8,0x00000000e3000000)
 Metaspace       used 92077K, committed 93696K, reserved 1179648K
  class space    used 9203K, committed 9984K, reserved 1048576K
GC Heap History (20 events):
Event: 2294.903 GC heap before
{Heap before GC invocations=5343 (full 11):
 PSYoungGen      total 8192K, used 8176K [0x00000000eab00000, 0x00000000ec380000, 0x0000000100000000)
  eden space 5632K, 100% used [0x00000000eab00000,0x00000000eb080000,0x00000000eb080000)
  from space 2560K, 99% used [0x00000000eb480000,0x00000000eb6fc128,0x00000000eb700000)
  to   space 9728K, 0% used [0x00000000eba00000,0x00000000eba00000,0x00000000ec380000)
 ParOldGen       total 562688K, used 562619K [0x00000000c0000000, 0x00000000e2580000, 0x00000000eab00000)
  object space 562688K, 99% used [0x00000000c0000000,0x00000000e256ee30,0x00000000e2580000)
 Metaspace       used 92032K, committed 93696K, reserved 1179648K
  class space    used 9203K, committed 9984K, reserved 1048576K
}
Event: 2294.905 GC heap after
{Heap after GC invocations=5343 (full 11):
 PSYoungGen      total 6656K, used 832K [0x00000000eab00000, 0x00000000ebb00000, 0x0000000100000000)
  eden space 5632K, 0% used [0x00000000eab00000,0x00000000eab00000,0x00000000eb080000)
  from space 1024K, 81% used [0x00000000eba00000,0x00000000ebad0000,0x00000000ebb00000)
  to   space 3584K, 0% used [0x00000000eb400000,0x00000000eb400000,0x00000000eb780000)
 ParOldGen       total 563200K, used 563139K [0x00000000c0000000, 0x00000000e2600000, 0x00000000eab00000)
  object space 563200K, 99% used [0x00000000c0000000,0x00000000e25f0e30,0x00000000e2600000)
 Metaspace       used 92032K, committed 93696K, reserved 1179648K
  class space    used 9203K, committed 9984K, reserved 1048576K
}
Event: 2295.223 GC heap before
{Heap before GC invocations=5344 (full 11):
 PSYoungGen      total 6656K, used 6464K [0x00000000eab00000, 0x00000000ebb00000, 0x0000000100000000)
  eden space 5632K, 100% used [0x00000000eab00000,0x00000000eb080000,0x00000000eb080000)
  from space 1024K, 81% used [0x00000000eba00000,0x00000000ebad0000,0x00000000ebb00000)
  to   space 3584K, 0% used [0x00000000eb400000,0x00000000eb400000,0x00000000eb780000)
 ParOldGen       total 563200K, used 563139K [0x00000000c0000000, 0x00000000e2600000, 0x00000000eab00000)
  object space 563200K, 99% used [0x00000000c0000000,0x00000000e25f0e30,0x00000000e2600000)
 Metaspace       used 92032K, committed 93696K, reserved 1179648K
  class space    used 9203K, committed 9984K, reserved 1048576K
}
Event: 2295.225 GC heap after
{Heap after GC invocations=5344 (full 11):
 PSYoungGen      total 9216K, used 288K [0x00000000eab00000, 0x00000000eba80000, 0x0000000100000000)
  eden space 5632K, 0% used [0x00000000eab00000,0x00000000eab00000,0x00000000eb080000)
  from space 3584K, 8% used [0x00000000eb400000,0x00000000eb448000,0x00000000eb780000)
  to   space 1024K, 0% used [0x00000000eb980000,0x00000000eb980000,0x00000000eba80000)
 ParOldGen       total 563712K, used 563427K [0x00000000c0000000, 0x00000000e2680000, 0x00000000eab00000)
  object space 563712K, 99% used [0x00000000c0000000,0x00000000e2638e30,0x00000000e2680000)
 Metaspace       used 92032K, committed 93696K, reserved 1179648K
  class space    used 9203K, committed 9984K, reserved 1048576K
}
Event: 2297.018 GC heap before
{Heap before GC invocations=5345 (full 11):
 PSYoungGen      total 9216K, used 5920K [0x00000000eab00000, 0x00000000eba80000, 0x0000000100000000)
  eden space 5632K, 100% used [0x00000000eab00000,0x00000000eb080000,0x00000000eb080000)
  from space 3584K, 8% used [0x00000000eb400000,0x00000000eb448000,0x00000000eb780000)
  to   space 1024K, 0% used [0x00000000eb980000,0x00000000eb980000,0x00000000eba80000)
 ParOldGen       total 563712K, used 563427K [0x00000000c0000000, 0x00000000e2680000, 0x00000000eab00000)
  object space 563712K, 99% used [0x00000000c0000000,0x00000000e2638e30,0x00000000e2680000)
 Metaspace       used 92032K, committed 93696K, reserved 1179648K
  class space    used 9203K, committed 9984K, reserved 1048576K
}
Event: 2297.019 GC heap after
{Heap after GC invocations=5345 (full 11):
 PSYoungGen      total 6656K, used 656K [0x00000000eab00000, 0x00000000eba80000, 0x0000000100000000)
  eden space 5632K, 0% used [0x00000000eab00000,0x00000000eab00000,0x00000000eb080000)
  from space 1024K, 64% used [0x00000000eb980000,0x00000000eba24010,0x00000000eba80000)
  to   space 1024K, 0% used [0x00000000eb880000,0x00000000eb880000,0x00000000eb980000)
 ParOldGen       total 563712K, used 563507K [0x00000000c0000000, 0x00000000e2680000, 0x00000000eab00000)
  object space 563712K, 99% used [0x00000000c0000000,0x00000000e264ce30,0x00000000e2680000)
 Metaspace       used 92032K, committed 93696K, reserved 1179648K
  class space    used 9203K, committed 9984K, reserved 1048576K
}
Event: 2297.126 GC heap before
{Heap before GC invocations=5346 (full 11):
 PSYoungGen      total 6656K, used 6288K [0x00000000eab00000, 0x00000000eba80000, 0x0000000100000000)
  eden space 5632K, 100% used [0x00000000eab00000,0x00000000eb080000,0x00000000eb080000)
  from space 1024K, 64% used [0x00000000eb980000,0x00000000eba24010,0x00000000eba80000)
  to   space 1024K, 0% used [0x00000000eb880000,0x00000000eb880000,0x00000000eb980000)
 ParOldGen       total 563712K, used 563507K [0x00000000c0000000, 0x00000000e2680000, 0x00000000eab00000)
  object space 563712K, 99% used [0x00000000c0000000,0x00000000e264ce30,0x00000000e2680000)
 Metaspace       used 92047K, committed 93696K, reserved 1179648K
  class space    used 9203K, committed 9984K, reserved 1048576K
}
Event: 2297.127 GC heap after
{Heap after GC invocations=5346 (full 11):
 PSYoungGen      total 6656K, used 288K [0x00000000eab00000, 0x00000000eba00000, 0x0000000100000000)
  eden space 5632K, 0% used [0x00000000eab00000,0x00000000eab00000,0x00000000eb080000)
  from space 1024K, 28% used [0x00000000eb880000,0x00000000eb8c8000,0x00000000eb980000)
  to   space 512K, 0% used [0x00000000eb980000,0x00000000eb980000,0x00000000eba00000)
 ParOldGen       total 564224K, used 563965K [0x00000000c0000000, 0x00000000e2700000, 0x00000000eab00000)
  object space 564224K, 99% used [0x00000000c0000000,0x00000000e26bf760,0x00000000e2700000)
 Metaspace       used 92047K, committed 93696K, reserved 1179648K
  class space    used 9203K, committed 9984K, reserved 1048576K
}
Event: 2297.795 GC heap before
{Heap before GC invocations=5347 (full 11):
 PSYoungGen      total 6656K, used 5920K [0x00000000eab00000, 0x00000000eba00000, 0x0000000100000000)
  eden space 5632K, 100% used [0x00000000eab00000,0x00000000eb080000,0x00000000eb080000)
  from space 1024K, 28% used [0x00000000eb880000,0x00000000eb8c8000,0x00000000eb980000)
  to   space 512K, 0% used [0x00000000eb980000,0x00000000eb980000,0x00000000eba00000)
 ParOldGen       total 564224K, used 563965K [0x00000000c0000000, 0x00000000e2700000, 0x00000000eab00000)
  object space 564224K, 99% used [0x00000000c0000000,0x00000000e26bf760,0x00000000e2700000)
 Metaspace       used 92054K, committed 93696K, reserved 1179648K
  class space    used 9203K, committed 9984K, reserved 1048576K
}
Event: 2297.798 GC heap after
{Heap after GC invocations=5347 (full 11):
 PSYoungGen      total 6144K, used 490K [0x00000000eab00000, 0x00000000eba00000, 0x0000000100000000)
  eden space 5632K, 0% used [0x00000000eab00000,0x00000000eab00000,0x00000000eb080000)
  from space 512K, 95% used [0x00000000eb980000,0x00000000eb9fa818,0x00000000eba00000)
  to   space 3072K, 0% used [0x00000000eb400000,0x00000000eb400000,0x00000000eb700000)
 ParOldGen       total 566272K, used 565847K [0x00000000c0000000, 0x00000000e2900000, 0x00000000eab00000)
  object space 566272K, 99% used [0x00000000c0000000,0x00000000e2895f78,0x00000000e2900000)
 Metaspace       used 92054K, committed 93696K, reserved 1179648K
  class space    used 9203K, committed 9984K, reserved 1048576K
}
Event: 2297.807 GC heap before
{Heap before GC invocations=5348 (full 11):
 PSYoungGen      total 6144K, used 6122K [0x00000000eab00000, 0x00000000eba00000, 0x0000000100000000)
  eden space 5632K, 100% used [0x00000000eab00000,0x00000000eb080000,0x00000000eb080000)
  from space 512K, 95% used [0x00000000eb980000,0x00000000eb9fa818,0x00000000eba00000)
  to   space 3072K, 0% used [0x00000000eb400000,0x00000000eb400000,0x00000000eb700000)
 ParOldGen       total 566272K, used 565847K [0x00000000c0000000, 0x00000000e2900000, 0x00000000eab00000)
  object space 566272K, 99% used [0x00000000c0000000,0x00000000e2895f78,0x00000000e2900000)
 Metaspace       used 92054K, committed 93696K, reserved 1179648K
  class space    used 9203K, committed 9984K, reserved 1048576K
}
Event: 2297.809 GC heap after
{Heap after GC invocations=5348 (full 11):
 PSYoungGen      total 8704K, used 3068K [0x00000000eab00000, 0x00000000eba00000, 0x0000000100000000)
  eden space 5632K, 0% used [0x00000000eab00000,0x00000000eab00000,0x00000000eb080000)
  from space 3072K, 99% used [0x00000000eb400000,0x00000000eb6ff250,0x00000000eb700000)
  to   space 3072K, 0% used [0x00000000eb700000,0x00000000eb700000,0x00000000eba00000)
 ParOldGen       total 566272K, used 566183K [0x00000000c0000000, 0x00000000e2900000, 0x00000000eab00000)
  object space 566272K, 99% used [0x00000000c0000000,0x00000000e28e9f98,0x00000000e2900000)
 Metaspace       used 92054K, committed 93696K, reserved 1179648K
  class space    used 9203K, committed 9984K, reserved 1048576K
}
Event: 2297.828 GC heap before
{Heap before GC invocations=5349 (full 11):
 PSYoungGen      total 8704K, used 8700K [0x00000000eab00000, 0x00000000eba00000, 0x0000000100000000)
  eden space 5632K, 100% used [0x00000000eab00000,0x00000000eb080000,0x00000000eb080000)
  from space 3072K, 99% used [0x00000000eb400000,0x00000000eb6ff250,0x00000000eb700000)
  to   space 3072K, 0% used [0x00000000eb700000,0x00000000eb700000,0x00000000eba00000)
 ParOldGen       total 566272K, used 566183K [0x00000000c0000000, 0x00000000e2900000, 0x00000000eab00000)
  object space 566272K, 99% used [0x00000000c0000000,0x00000000e28e9f98,0x00000000e2900000)
 Metaspace       used 92055K, committed 93696K, reserved 1179648K
  class space    used 9203K, committed 9984K, reserved 1048576K
}
Event: 2297.831 GC heap after
{Heap after GC invocations=5349 (full 11):
 PSYoungGen      total 8192K, used 3056K [0x00000000eab00000, 0x00000000ebe80000, 0x0000000100000000)
  eden space 5120K, 0% used [0x00000000eab00000,0x00000000eab00000,0x00000000eb000000)
  from space 3072K, 99% used [0x00000000eb700000,0x00000000eb9fc000,0x00000000eba00000)
  to   space 7168K, 0% used [0x00000000eb000000,0x00000000eb000000,0x00000000eb700000)
 ParOldGen       total 569856K, used 569692K [0x00000000c0000000, 0x00000000e2c80000, 0x00000000eab00000)
  object space 569856K, 99% used [0x00000000c0000000,0x00000000e2c571e8,0x00000000e2c80000)
 Metaspace       used 92055K, committed 93696K, reserved 1179648K
  class space    used 9203K, committed 9984K, reserved 1048576K
}
Event: 2297.891 GC heap before
{Heap before GC invocations=5350 (full 11):
 PSYoungGen      total 8192K, used 7497K [0x00000000eab00000, 0x00000000ebe80000, 0x0000000100000000)
  eden space 5120K, 86% used [0x00000000eab00000,0x00000000eaf56618,0x00000000eb000000)
  from space 3072K, 99% used [0x00000000eb700000,0x00000000eb9fc000,0x00000000eba00000)
  to   space 7168K, 0% used [0x00000000eb000000,0x00000000eb000000,0x00000000eb700000)
 ParOldGen       total 569856K, used 569692K [0x00000000c0000000, 0x00000000e2c80000, 0x00000000eab00000)
  object space 569856K, 99% used [0x00000000c0000000,0x00000000e2c571e8,0x00000000e2c80000)
 Metaspace       used 92055K, committed 93696K, reserved 1179648K
  class space    used 9203K, committed 9984K, reserved 1048576K
}
Event: 2297.894 GC heap after
{Heap after GC invocations=5350 (full 11):
 PSYoungGen      total 6144K, used 519K [0x00000000eab00000, 0x00000000eb780000, 0x0000000100000000)
  eden space 5120K, 0% used [0x00000000eab00000,0x00000000eab00000,0x00000000eb000000)
  from space 1024K, 50% used [0x00000000eb000000,0x00000000eb081d90,0x00000000eb100000)
  to   space 3072K, 0% used [0x00000000eb480000,0x00000000eb480000,0x00000000eb780000)
 ParOldGen       total 572928K, used 572764K [0x00000000c0000000, 0x00000000e2f80000, 0x00000000eab00000)
  object space 572928K, 99% used [0x00000000c0000000,0x00000000e2f571e8,0x00000000e2f80000)
 Metaspace       used 92055K, committed 93696K, reserved 1179648K
  class space    used 9203K, committed 9984K, reserved 1048576K
}
Event: 2298.266 GC heap before
{Heap before GC invocations=5351 (full 11):
 PSYoungGen      total 6144K, used 5639K [0x00000000eab00000, 0x00000000eb780000, 0x0000000100000000)
  eden space 5120K, 100% used [0x00000000eab00000,0x00000000eb000000,0x00000000eb000000)
  from space 1024K, 50% used [0x00000000eb000000,0x00000000eb081d90,0x00000000eb100000)
  to   space 3072K, 0% used [0x00000000eb480000,0x00000000eb480000,0x00000000eb780000)
 ParOldGen       total 572928K, used 572764K [0x00000000c0000000, 0x00000000e2f80000, 0x00000000eab00000)
  object space 572928K, 99% used [0x00000000c0000000,0x00000000e2f571e8,0x00000000e2f80000)
 Metaspace       used 92055K, committed 93696K, reserved 1179648K
  class space    used 9203K, committed 9984K, reserved 1048576K
}
Event: 2298.268 GC heap after
{Heap after GC invocations=5351 (full 11):
 PSYoungGen      total 5632K, used 352K [0x00000000eab00000, 0x00000000eb500000, 0x0000000100000000)
  eden space 5120K, 0% used [0x00000000eab00000,0x00000000eab00000,0x00000000eb000000)
  from space 512K, 68% used [0x00000000eb480000,0x00000000eb4d8000,0x00000000eb500000)
  to   space 1024K, 0% used [0x00000000eb300000,0x00000000eb300000,0x00000000eb400000)
 ParOldGen       total 572928K, used 572916K [0x00000000c0000000, 0x00000000e2f80000, 0x00000000eab00000)
  object space 572928K, 99% used [0x00000000c0000000,0x00000000e2f7d1e8,0x00000000e2f80000)
 Metaspace       used 92055K, committed 93696K, reserved 1179648K
  class space    used 9203K, committed 9984K, reserved 1048576K
}
Event: 2298.461 GC heap before
{Heap before GC invocations=5352 (full 11):
 PSYoungGen      total 5632K, used 5472K [0x00000000eab00000, 0x00000000eb500000, 0x0000000100000000)
  eden space 5120K, 100% used [0x00000000eab00000,0x00000000eb000000,0x00000000eb000000)
  from space 512K, 68% used [0x00000000eb480000,0x00000000eb4d8000,0x00000000eb500000)
  to   space 1024K, 0% used [0x00000000eb300000,0x00000000eb300000,0x00000000eb400000)
 ParOldGen       total 572928K, used 572916K [0x00000000c0000000, 0x00000000e2f80000, 0x00000000eab00000)
  object space 572928K, 99% used [0x00000000c0000000,0x00000000e2f7d1e8,0x00000000e2f80000)
 Metaspace       used 92071K, committed 93696K, reserved 1179648K
  class space    used 9203K, committed 9984K, reserved 1048576K
}
Event: 2298.462 GC heap after
{Heap after GC invocations=5352 (full 11):
 PSYoungGen      total 6144K, used 864K [0x00000000eab00000, 0x00000000eb500000, 0x0000000100000000)
  eden space 5120K, 0% used [0x00000000eab00000,0x00000000eab00000,0x00000000eb000000)
  from space 1024K, 84% used [0x00000000eb300000,0x00000000eb3d8000,0x00000000eb400000)
  to   space 1024K, 0% used [0x00000000eb400000,0x00000000eb400000,0x00000000eb500000)
 ParOldGen       total 573440K, used 573004K [0x00000000c0000000, 0x00000000e3000000, 0x00000000eab00000)
  object space 573440K, 99% used [0x00000000c0000000,0x00000000e2f931e8,0x00000000e3000000)
 Metaspace       used 92071K, committed 93696K, reserved 1179648K
  class space    used 9203K, committed 9984K, reserved 1048576K
}

